[0m2021.10.29 15:03:14 INFO  Started: Metals version 0.10.8 in workspace 'C:\Users\Dharmesh\development\adzapier\adzapier-web-socialfortuna' for client Visual Studio Code 1.61.1.[0m
[0m2021.10.29 15:03:15 INFO  time: initialize in 0.83s[0m
[0m2021.10.29 15:03:15 WARN  Build server is not auto-connectable.[0m
[0m2021.10.29 15:03:15 WARN  no build tool detected in workspace 'C:\Users\Dharmesh\development\adzapier\adzapier-web-socialfortuna'. The most common cause for this problem is that the editor was opened in the wrong working directory, for example if you use sbt then the workspace directory should contain build.sbt. [0m
[0m2021.10.30 18:59:04 INFO  shutting down Metals[0m
[0m2021.10.31 09:52:35 INFO  Started: Metals version 0.10.8 in workspace 'C:\Users\Dharmesh\development\adzapier\adzapier-web-socialfortuna' for client Visual Studio Code 1.61.1.[0m
[0m2021.10.31 09:52:40 INFO  time: initialize in 4.63s[0m
[0m2021.10.31 09:52:42 WARN  Build server is not auto-connectable.[0m
[0m2021.10.31 09:52:42 WARN  no build tool detected in workspace 'C:\Users\Dharmesh\development\adzapier\adzapier-web-socialfortuna'. The most common cause for this problem is that the editor was opened in the wrong working directory, for example if you use sbt then the workspace directory should contain build.sbt. [0m
Nov 01, 2021 9:11:51 AM org.eclipse.lsp4j.jsonrpc.services.GenericEndpoint notify
INFO: Unsupported notification method: $/setTrace
[0m2021.11.10 07:18:25 INFO  Started: Metals version 0.10.9 in workspace 'C:\Users\Dharmesh\development\adzapier\adzapier-web-socialfortuna' for client Visual Studio Code 1.61.1.[0m
[0m2021.11.10 07:18:26 INFO  time: initialize in 1.76s[0m
[0m2021.11.10 07:18:32 WARN  Build server is not auto-connectable.[0m
[0m2021.11.10 07:18:32 WARN  no build tool detected in workspace 'C:\Users\Dharmesh\development\adzapier\adzapier-web-socialfortuna'. The most common cause for this problem is that the editor was opened in the wrong working directory, for example if you use sbt then the workspace directory should contain build.sbt. [0m
Nov 11, 2021 9:20:07 AM org.eclipse.lsp4j.jsonrpc.services.GenericEndpoint notify
INFO: Unsupported notification method: $/setTrace
[0m2021.11.11 13:32:50 INFO  Started: Metals version 0.10.9 in workspace 'C:\Users\Dharmesh\development\adzapier\adzapier-web-socialfortuna' for client Visual Studio Code 1.61.1.[0m
[0m2021.11.11 13:32:51 INFO  time: initialize in 1.02s[0m
[0m2021.11.11 13:32:57 WARN  Build server is not auto-connectable.[0m
[0m2021.11.11 13:32:57 WARN  no build tool detected in workspace 'C:\Users\Dharmesh\development\adzapier\adzapier-web-socialfortuna'. The most common cause for this problem is that the editor was opened in the wrong working directory, for example if you use sbt then the workspace directory should contain build.sbt. [0m
[0m2021.11.15 21:00:33 INFO  Started: Metals version 0.10.9 in workspace 'C:\Users\Dharmesh\development\adzapier\adzapier-web-socialfortuna' for client Visual Studio Code 1.61.1.[0m
[0m2021.11.15 21:00:35 INFO  time: initialize in 2.29s[0m
[0m2021.11.15 21:00:41 WARN  Build server is not auto-connectable.[0m
[0m2021.11.15 21:00:41 WARN  no build tool detected in workspace 'C:\Users\Dharmesh\development\adzapier\adzapier-web-socialfortuna'. The most common cause for this problem is that the editor was opened in the wrong working directory, for example if you use sbt then the workspace directory should contain build.sbt. [0m
[0m2021.11.18 14:59:46 INFO  Started: Metals version 0.10.9 in workspace 'C:\Users\Dharmesh\development\adzapier\adzapier-web-socialfortuna' for client Visual Studio Code 1.61.1.[0m
[0m2021.11.18 14:59:46 INFO  time: initialize in 0.71s[0m
[0m2021.11.18 14:59:52 WARN  Build server is not auto-connectable.[0m
[0m2021.11.18 14:59:52 WARN  no build tool detected in workspace 'C:\Users\Dharmesh\development\adzapier\adzapier-web-socialfortuna'. The most common cause for this problem is that the editor was opened in the wrong working directory, for example if you use sbt then the workspace directory should contain build.sbt. [0m
Nov 25, 2021 8:17:51 PM org.eclipse.lsp4j.jsonrpc.services.GenericEndpoint notify
INFO: Unsupported notification method: $/setTrace
Nov 28, 2021 5:37:53 PM org.eclipse.lsp4j.jsonrpc.services.GenericEndpoint notify
INFO: Unsupported notification method: $/setTrace
[0m2021.11.28 21:58:41 INFO  shutting down Metals[0m
